<?xml version="1.0" encoding="UTF-8"?>
<beans xmlns="http://www.springframework.org/schema/beans"
       xmlns:xsi="http://www.w3.org/2001/XMLSchema-instance"
       xsi:schemaLocation="http://www.springframework.org/schema/beans http://www.springframework.org/schema/beans/spring-beans.xsd">

    <beans xmlns="http://www.springframework.org/schema/beans"
           xmlns:xsi="http://www.w3.org/2001/XMLSchema-instance"
           xmlns:context="http://www.springframework.org/schema/context"
           xmlns:tx="http://www.springframework.org/schema/tx"
           xsi:schemaLocation="http://www.springframework.org/schema/beans http://www.springframework.org/schema/beans/spring-beans-4.0.xsd
    http://www.springframework.org/schema/context http://www.springframework.org/schema/context/spring-context-4.0.xsd
    http://www.springframework.org/schema/tx http://www.springframework.org/schema/tx/spring-tx-4.0.xsd">

        <context:component-scan base-package="com.epam.news"/>

        <bean class="org.springframework.beans.factory.config.PropertyPlaceholderConfigurer">
            <property name="location" value="database.test.config.properties"/>
        </bean>

        <bean id="testDataSource" class="org.apache.commons.dbcp2.BasicDataSource">
            <property name="driverClassName" value="${jdbc.driverClassName}"/>
            <property name="url" value="${jdbc.url}"/>
            <property name="username" value="${jdbc.username}"/>
            <property name="password" value="${jdbc.password}"/>
        </bean>

        <tx:annotation-driven transaction-manager="transactionManager"/>

        <bean id="transactionManager" class="org.springframework.jdbc.datasource.DataSourceTransactionManager">
            <property name="dataSource" ref="testDataSource"/>
        </bean>

        <bean id="dbUnitDatabaseConfig" class="com.github.springtestdbunit.bean.DatabaseConfigBean">
            <property name="datatypeFactory">
                <bean class="org.dbunit.ext.oracle.OracleDataTypeFactory"/>
            </property>
            <property name="caseSensitiveTableNames" value="false"/>
        </bean>

        <bean id="dbUnitDatabaseConnection"
              class="com.github.springtestdbunit.bean.DatabaseDataSourceConnectionFactoryBean">
            <property name="dataSource" ref="testDataSource"/>
            <property name="databaseConfig" ref="dbUnitDatabaseConfig"/>
            <property name="schema" value="${jdbc.schema}"/>
        </bean>

        <bean id="paginationProperties"
              class="org.springframework.beans.factory.config.PropertiesFactoryBean">
            <property name="location" value="classpath:pagination.config.properties"/>
        </bean>

    </beans>
</beans>